# JRE version: OpenJDK Runtime Environment Temurin-21.0.11+10 (21.0.11+10) (build 21.0.11+10-LTS)
# Java VM: OpenJDK 64-Bit Server VM Temurin-21.0.11+10 (21.0.11+10-LTS, mixed mode, sharing, tiered, compressed oops, compressed class ptrs, g1 gc, windows-amd64)
GC Precious Log:
 CardTable entry size: 512
 Card Set container configuration: InlinePtr #cards 4 size 8 Array Of Cards #cards 16 size 48 Howl #buckets 8 coarsen threshold 3686 Howl Bitmap #cards 512 size 80 coarsen threshold 460 Card regions per heap region 1 cards per card region 4096
 CPUs: 16 total, 16 available
 Memory: 15773M
 Large Page Support: Disabled
 NUMA Support: Disabled
 Compressed Oops: Enabled (Zero based)
 Heap Region Size: 2M
 Heap Min Capacity: 8M
 Heap Initial Capacity: 248M
 Heap Max Capacity: 3944M
 Pre-touch: Disabled
 Parallel Workers: 13
 Concurrent Workers: 3
 Concurrent Refinement Workers: 13
 Periodic GC: Disabled
Heap:
 garbage-first heap   total 108544K, used 56535K [0x0000000709800000, 0x0000000800000000)
  region size 2048K, 4 young (8192K), 2 survivors (4096K)
 Metaspace       used 114651K, committed 115648K, reserved 1179648K
  class space    used 15596K, committed 16064K, reserved 1048576K
GC Heap History (20 events):
Event: 13.012 GC heap before
{Heap before GC invocations=16 (full 0):
 garbage-first heap   total 106496K, used 92866K [0x0000000709800000, 0x0000000800000000)
  region size 2048K, 27 young (55296K), 4 survivors (8192K)
 Metaspace       used 91128K, committed 91776K, reserved 1179648K
  class space    used 12713K, committed 12992K, reserved 1048576K
}
Event: 13.017 GC heap after
{Heap after GC invocations=17 (full 0):
 garbage-first heap   total 106496K, used 47706K [0x0000000709800000, 0x0000000800000000)
  region size 2048K, 2 young (4096K), 2 survivors (4096K)
 Metaspace       used 91128K, committed 91776K, reserved 1179648K
  class space    used 12713K, committed 12992K, reserved 1048576K
}
Event: 13.807 GC heap before
{Heap before GC invocations=18 (full 0):
 garbage-first heap   total 106496K, used 90714K [0x0000000709800000, 0x0000000800000000)
  region size 2048K, 24 young (49152K), 2 survivors (4096K)
 Metaspace       used 99039K, committed 99776K, reserved 1179648K
  class space    used 13594K, committed 13952K, reserved 1048576K
}
Event: 13.810 GC heap after
{Heap after GC invocations=19 (full 0):
 garbage-first heap   total 106496K, used 50751K [0x0000000709800000, 0x0000000800000000)
  region size 2048K, 3 young (6144K), 3 survivors (6144K)
 Metaspace       used 99039K, committed 99776K, reserved 1179648K
  class space    used 13594K, committed 13952K, reserved 1048576K
}
Event: 14.396 GC heap before
{Heap before GC invocations=19 (full 0):
 garbage-first heap   total 106496K, used 91711K [0x0000000709800000, 0x0000000800000000)
  region size 2048K, 24 young (49152K), 3 survivors (6144K)
 Metaspace       used 104385K, committed 105152K, reserved 1179648K
  class space    used 14246K, committed 14592K, reserved 1048576K
}
Event: 14.400 GC heap after
{Heap after GC invocations=20 (full 0):
 garbage-first heap   total 106496K, used 53191K [0x0000000709800000, 0x0000000800000000)
  region size 2048K, 3 young (6144K), 3 survivors (6144K)
 Metaspace       used 104385K, committed 105152K, reserved 1179648K
  class space    used 14246K, committed 14592K, reserved 1048576K
}
Event: 15.054 GC heap before
{Heap before GC invocations=20 (full 0):
 garbage-first heap   total 106496K, used 96199K [0x0000000709800000, 0x0000000800000000)
  region size 2048K, 24 young (49152K), 3 survivors (6144K)
 Metaspace       used 107945K, committed 108800K, reserved 1179648K
  class space    used 14791K, committed 15168K, reserved 1048576K
}
Event: 15.058 GC heap after
{Heap after GC invocations=21 (full 0):
 garbage-first heap   total 106496K, used 56257K [0x0000000709800000, 0x0000000800000000)
  region size 2048K, 3 young (6144K), 3 survivors (6144K)
 Metaspace       used 107945K, committed 108800K, reserved 1179648K
  class space    used 14791K, committed 15168K, reserved 1048576K
}
Event: 38.318 GC heap before
{Heap before GC invocations=22 (full 0):
 garbage-first heap   total 106496K, used 97217K [0x0000000709800000, 0x0000000800000000)
  region size 2048K, 23 young (47104K), 3 survivors (6144K)
 Metaspace       used 111806K, committed 112768K, reserved 1179648K
  class space    used 15294K, committed 15744K, reserved 1048576K
}
Event: 38.324 GC heap after
{Heap after GC invocations=23 (full 0):
 garbage-first heap   total 108544K, used 59341K [0x0000000709800000, 0x0000000800000000)
  region size 2048K, 3 young (6144K), 3 survivors (6144K)
 Metaspace       used 111806K, committed 112768K, reserved 1179648K
  class space    used 15294K, committed 15744K, reserved 1048576K
}
Event: 433.075 GC heap before
{Heap before GC invocations=23 (full 0):
 garbage-first heap   total 108544K, used 98253K [0x0000000709800000, 0x0000000800000000)
  region size 2048K, 22 young (45056K), 3 survivors (6144K)
 Metaspace       used 112770K, committed 113664K, reserved 1179648K
  class space    used 15408K, committed 15808K, reserved 1048576K
}
Event: 433.080 GC heap after
{Heap after GC invocations=24 (full 0):
 garbage-first heap   total 108544K, used 59492K [0x0000000709800000, 0x0000000800000000)
  region size 2048K, 2 young (4096K), 2 survivors (4096K)
 Metaspace       used 112770K, committed 113664K, reserved 1179648K
  class space    used 15408K, committed 15808K, reserved 1048576K
}
Event: 827.118 GC heap before
{Heap before GC invocations=24 (full 0):
 garbage-first heap   total 108544K, used 98404K [0x0000000709800000, 0x0000000800000000)
  region size 2048K, 21 young (43008K), 2 survivors (4096K)
 Metaspace       used 113378K, committed 114240K, reserved 1179648K
  class space    used 15467K, committed 15872K, reserved 1048576K
}
Event: 827.122 GC heap after
{Heap after GC invocations=25 (full 0):
 garbage-first heap   total 108544K, used 59955K [0x0000000709800000, 0x0000000800000000)
  region size 2048K, 1 young (2048K), 1 survivors (2048K)
 Metaspace       used 113378K, committed 114240K, reserved 1179648K
  class space    used 15467K, committed 15872K, reserved 1048576K
}
Event: 1183.678 GC heap before
{Heap before GC invocations=26 (full 0):
 garbage-first heap   total 108544K, used 94771K [0x0000000709800000, 0x0000000800000000)
  region size 2048K, 19 young (38912K), 1 survivors (2048K)
 Metaspace       used 113961K, committed 114944K, reserved 1179648K
  class space    used 15545K, committed 16000K, reserved 1048576K
}
Event: 1183.805 GC heap after
{Heap after GC invocations=27 (full 1):
 garbage-first heap   total 108544K, used 51103K [0x0000000709800000, 0x0000000800000000)
  region size 2048K, 0 young (0K), 0 survivors (0K)
 Metaspace       used 113961K, committed 114944K, reserved 1179648K
  class space    used 15545K, committed 16000K, reserved 1048576K
}
Event: 1185.751 GC heap before
{Heap before GC invocations=27 (full 1):
 garbage-first heap   total 108544K, used 96159K [0x0000000709800000, 0x0000000800000000)
  region size 2048K, 22 young (45056K), 0 survivors (0K)
 Metaspace       used 114182K, committed 115136K, reserved 1179648K
  class space    used 15550K, committed 16000K, reserved 1048576K
}
Event: 1185.756 GC heap after
{Heap after GC invocations=28 (full 1):
 garbage-first heap   total 108544K, used 54926K [0x0000000709800000, 0x0000000800000000)
  region size 2048K, 2 young (4096K), 2 survivors (4096K)
 Metaspace       used 114182K, committed 115136K, reserved 1179648K
  class space    used 15550K, committed 16000K, reserved 1048576K
}
Event: 1191.665 GC heap before
{Heap before GC invocations=29 (full 1):
 garbage-first heap   total 108544K, used 95886K [0x0000000709800000, 0x0000000800000000)
  region size 2048K, 22 young (45056K), 2 survivors (4096K)
 Metaspace       used 114647K, committed 115648K, reserved 1179648K
  class space    used 15596K, committed 16064K, reserved 1048576K
}
Event: 1191.669 GC heap after
{Heap after GC invocations=30 (full 1):
 garbage-first heap   total 108544K, used 54487K [0x0000000709800000, 0x0000000800000000)
  region size 2048K, 2 young (4096K), 2 survivors (4096K)
 Metaspace       used 114647K, committed 115648K, reserved 1179648K
  class space    used 15596K, committed 16064K, reserved 1048576K
}

